<?xml version="1.0" encoding="UTF-8"?>
<!-- Generated by org.testng.reporters.JUnitXMLReporter -->
<testsuite ignored="0" hostname="DESKTOP-VDDHET5" failures="3" tests="6" name="Data Driven Test" time="45.795" errors="0" timestamp="2025-07-02T22:20:17 IST">
  <testcase classname="testCases.TC003_DataDrivenTest" name="dataDrivenTest" time="2.685"/>
  <testcase classname="testCases.TC003_DataDrivenTest" name="dataDrivenTest" time="3.231"/>
  <testcase classname="testCases.TC003_DataDrivenTest" name="dataDrivenTest" time="10.727">
    <failure type="java.lang.AssertionError" message="null">
      <![CDATA[java.lang.AssertionError: null
at testCases.TC003_DataDrivenTest.dataDrivenTest(TC003_DataDrivenTest.java:65)
at java.base/java.util.ArrayList.forEach(ArrayList.java:1597)
... Removed 27 stack frames]]>
    </failure>
  </testcase> <!-- dataDrivenTest -->
  <testcase classname="testCases.TC003_DataDrivenTest" name="dataDrivenTest" time="9.677">
    <failure type="java.lang.AssertionError" message="null">
      <![CDATA[java.lang.AssertionError: null
at testCases.TC003_DataDrivenTest.dataDrivenTest(TC003_DataDrivenTest.java:65)
at java.base/java.util.ArrayList.forEach(ArrayList.java:1597)
... Removed 27 stack frames]]>
    </failure>
  </testcase> <!-- dataDrivenTest -->
  <testcase classname="testCases.TC003_DataDrivenTest" name="dataDrivenTest" time="9.812">
    <failure type="java.lang.AssertionError" message="null">
      <![CDATA[java.lang.AssertionError: null
at testCases.TC003_DataDrivenTest.dataDrivenTest(TC003_DataDrivenTest.java:65)
at java.base/java.util.ArrayList.forEach(ArrayList.java:1597)
... Removed 27 stack frames]]>
    </failure>
  </testcase> <!-- dataDrivenTest -->
  <testcase classname="testCases.TC003_DataDrivenTest" name="dataDrivenTest" time="2.513"/>
</testsuite> <!-- Data Driven Test -->
