<?xml version="1.0" encoding="UTF-8"?>
<!-- Generated by org.testng.reporters.JUnitXMLReporter -->
<testsuite ignored="0" hostname="DESKTOP-VDDHET5" failures="10" tests="15" name="Data Driven Test" time="171.399" errors="0" timestamp="2025-07-08T15:33:47 IST">
  <testcase classname="testCases.TC003_DataDrivenTest" name="dataDrivenTest" time="7.134"/>
  <testcase classname="testCases.TC003_DataDrivenTest" name="dataDrivenTest" time="7.008"/>
  <testcase classname="testCases.TC003_DataDrivenTest" name="dataDrivenTest" time="10.712">
    <failure type="java.lang.AssertionError" message="null">
      <![CDATA[java.lang.AssertionError: null
at testCases.TC003_DataDrivenTest.dataDrivenTest(TC003_DataDrivenTest.java:65)
at java.base/java.util.ArrayList.forEach(ArrayList.java:1597)
... Removed 31 stack frames]]>
    </failure>
  </testcase> <!-- dataDrivenTest -->
  <testcase classname="testCases.TC003_DataDrivenTest" name="dataDrivenTest" time="12.682">
    <failure type="java.lang.AssertionError" message="null">
      <![CDATA[java.lang.AssertionError: null
at testCases.TC003_DataDrivenTest.dataDrivenTest(TC003_DataDrivenTest.java:65)
at java.base/java.util.ArrayList.forEach(ArrayList.java:1597)
... Removed 31 stack frames]]>
    </failure>
  </testcase> <!-- dataDrivenTest -->
  <testcase classname="testCases.TC003_DataDrivenTest" name="dataDrivenTest" time="10.529">
    <failure type="java.lang.AssertionError" message="null">
      <![CDATA[java.lang.AssertionError: null
at testCases.TC003_DataDrivenTest.dataDrivenTest(TC003_DataDrivenTest.java:65)
at java.base/java.util.ArrayList.forEach(ArrayList.java:1597)
... Removed 31 stack frames]]>
    </failure>
  </testcase> <!-- dataDrivenTest -->
  <testcase classname="testCases.TC003_DataDrivenTest" name="dataDrivenTest" time="6.851"/>
  <testcase classname="testCases.TC003_DataDrivenTest" name="dataDrivenTest" time="12.691">
    <failure type="java.lang.AssertionError" message="null">
      <![CDATA[java.lang.AssertionError: null
at testCases.TC003_DataDrivenTest.dataDrivenTest(TC003_DataDrivenTest.java:65)
at java.base/java.util.ArrayList.forEach(ArrayList.java:1597)
... Removed 31 stack frames]]>
    </failure>
  </testcase> <!-- dataDrivenTest -->
  <testcase classname="testCases.TC003_DataDrivenTest" name="dataDrivenTest" time="12.611">
    <failure type="java.lang.AssertionError" message="null">
      <![CDATA[java.lang.AssertionError: null
at testCases.TC003_DataDrivenTest.dataDrivenTest(TC003_DataDrivenTest.java:65)
at java.base/java.util.ArrayList.forEach(ArrayList.java:1597)
... Removed 31 stack frames]]>
    </failure>
  </testcase> <!-- dataDrivenTest -->
  <testcase classname="testCases.TC003_DataDrivenTest" name="dataDrivenTest" time="12.64">
    <failure type="java.lang.AssertionError" message="null">
      <![CDATA[java.lang.AssertionError: null
at testCases.TC003_DataDrivenTest.dataDrivenTest(TC003_DataDrivenTest.java:65)
at java.base/java.util.ArrayList.forEach(ArrayList.java:1597)
... Removed 31 stack frames]]>
    </failure>
  </testcase> <!-- dataDrivenTest -->
  <testcase classname="testCases.TC003_DataDrivenTest" name="dataDrivenTest" time="6.853"/>
  <testcase classname="testCases.TC003_DataDrivenTest" name="dataDrivenTest" time="12.653">
    <failure type="java.lang.AssertionError" message="null">
      <![CDATA[java.lang.AssertionError: null
at testCases.TC003_DataDrivenTest.dataDrivenTest(TC003_DataDrivenTest.java:65)
at java.base/java.util.ArrayList.forEach(ArrayList.java:1597)
... Removed 31 stack frames]]>
    </failure>
  </testcase> <!-- dataDrivenTest -->
  <testcase classname="testCases.TC003_DataDrivenTest" name="dataDrivenTest" time="12.692">
    <failure type="java.lang.AssertionError" message="null">
      <![CDATA[java.lang.AssertionError: null
at testCases.TC003_DataDrivenTest.dataDrivenTest(TC003_DataDrivenTest.java:65)
at java.base/java.util.ArrayList.forEach(ArrayList.java:1597)
... Removed 31 stack frames]]>
    </failure>
  </testcase> <!-- dataDrivenTest -->
  <testcase classname="testCases.TC003_DataDrivenTest" name="dataDrivenTest" time="6.831"/>
  <testcase classname="testCases.TC003_DataDrivenTest" name="dataDrivenTest" time="12.683">
    <failure type="java.lang.AssertionError" message="null">
      <![CDATA[java.lang.AssertionError: null
at testCases.TC003_DataDrivenTest.dataDrivenTest(TC003_DataDrivenTest.java:65)
at java.base/java.util.ArrayList.forEach(ArrayList.java:1597)
... Removed 31 stack frames]]>
    </failure>
  </testcase> <!-- dataDrivenTest -->
  <testcase classname="testCases.TC003_DataDrivenTest" name="dataDrivenTest" time="12.661">
    <failure type="java.lang.AssertionError" message="null">
      <![CDATA[java.lang.AssertionError: null
at testCases.TC003_DataDrivenTest.dataDrivenTest(TC003_DataDrivenTest.java:65)
at java.base/java.util.ArrayList.forEach(ArrayList.java:1597)
... Removed 31 stack frames]]>
    </failure>
  </testcase> <!-- dataDrivenTest -->
</testsuite> <!-- Data Driven Test -->
