<?xml version="1.0" encoding="UTF-8"?>
<!-- Generated by org.testng.reporters.JUnitXMLReporter -->
<testsuite ignored="0" hostname="DESKTOP-VDDHET5" failures="10" tests="17" name="Test Chrome" time="131.897" errors="0" timestamp="2025-07-08T15:12:14 IST">
  <testcase classname="testCases.TC001_AccountRegistrationTest" name="verifyAccountRegistration" time="2.724"/>
  <testcase classname="testCases.TC002_LoginTest" name="loginTest" time="1.944"/>
  <testcase classname="testCases.TC003_DataDrivenTest" name="dataDrivenTest" time="2.423"/>
  <testcase classname="testCases.TC003_DataDrivenTest" name="dataDrivenTest" time="2.23"/>
  <testcase classname="testCases.TC003_DataDrivenTest" name="dataDrivenTest" time="9.478">
    <failure type="java.lang.AssertionError" message="null">
      <![CDATA[java.lang.AssertionError: null
at testCases.TC003_DataDrivenTest.dataDrivenTest(TC003_DataDrivenTest.java:65)
at java.base/java.util.ArrayList.forEach(ArrayList.java:1597)
... Removed 31 stack frames]]>
    </failure>
  </testcase> <!-- dataDrivenTest -->
  <testcase classname="testCases.TC003_DataDrivenTest" name="dataDrivenTest" time="9.218">
    <failure type="java.lang.AssertionError" message="null">
      <![CDATA[java.lang.AssertionError: null
at testCases.TC003_DataDrivenTest.dataDrivenTest(TC003_DataDrivenTest.java:65)
at java.base/java.util.ArrayList.forEach(ArrayList.java:1597)
... Removed 31 stack frames]]>
    </failure>
  </testcase> <!-- dataDrivenTest -->
  <testcase classname="testCases.TC003_DataDrivenTest" name="dataDrivenTest" time="9.181">
    <failure type="java.lang.AssertionError" message="null">
      <![CDATA[java.lang.AssertionError: null
at testCases.TC003_DataDrivenTest.dataDrivenTest(TC003_DataDrivenTest.java:65)
at java.base/java.util.ArrayList.forEach(ArrayList.java:1597)
... Removed 31 stack frames]]>
    </failure>
  </testcase> <!-- dataDrivenTest -->
  <testcase classname="testCases.TC003_DataDrivenTest" name="dataDrivenTest" time="1.688"/>
  <testcase classname="testCases.TC003_DataDrivenTest" name="dataDrivenTest" time="8.65">
    <failure type="java.lang.AssertionError" message="null">
      <![CDATA[java.lang.AssertionError: null
at testCases.TC003_DataDrivenTest.dataDrivenTest(TC003_DataDrivenTest.java:65)
at java.base/java.util.ArrayList.forEach(ArrayList.java:1597)
... Removed 31 stack frames]]>
    </failure>
  </testcase> <!-- dataDrivenTest -->
  <testcase classname="testCases.TC003_DataDrivenTest" name="dataDrivenTest" time="8.649">
    <failure type="java.lang.AssertionError" message="null">
      <![CDATA[java.lang.AssertionError: null
at testCases.TC003_DataDrivenTest.dataDrivenTest(TC003_DataDrivenTest.java:65)
at java.base/java.util.ArrayList.forEach(ArrayList.java:1597)
... Removed 31 stack frames]]>
    </failure>
  </testcase> <!-- dataDrivenTest -->
  <testcase classname="testCases.TC003_DataDrivenTest" name="dataDrivenTest" time="8.736">
    <failure type="java.lang.AssertionError" message="null">
      <![CDATA[java.lang.AssertionError: null
at testCases.TC003_DataDrivenTest.dataDrivenTest(TC003_DataDrivenTest.java:65)
at java.base/java.util.ArrayList.forEach(ArrayList.java:1597)
... Removed 31 stack frames]]>
    </failure>
  </testcase> <!-- dataDrivenTest -->
  <testcase classname="testCases.TC003_DataDrivenTest" name="dataDrivenTest" time="1.726"/>
  <testcase classname="testCases.TC003_DataDrivenTest" name="dataDrivenTest" time="8.641">
    <failure type="java.lang.AssertionError" message="null">
      <![CDATA[java.lang.AssertionError: null
at testCases.TC003_DataDrivenTest.dataDrivenTest(TC003_DataDrivenTest.java:65)
at java.base/java.util.ArrayList.forEach(ArrayList.java:1597)
... Removed 31 stack frames]]>
    </failure>
  </testcase> <!-- dataDrivenTest -->
  <testcase classname="testCases.TC003_DataDrivenTest" name="dataDrivenTest" time="8.681">
    <failure type="java.lang.AssertionError" message="null">
      <![CDATA[java.lang.AssertionError: null
at testCases.TC003_DataDrivenTest.dataDrivenTest(TC003_DataDrivenTest.java:65)
at java.base/java.util.ArrayList.forEach(ArrayList.java:1597)
... Removed 31 stack frames]]>
    </failure>
  </testcase> <!-- dataDrivenTest -->
  <testcase classname="testCases.TC003_DataDrivenTest" name="dataDrivenTest" time="1.951"/>
  <testcase classname="testCases.TC003_DataDrivenTest" name="dataDrivenTest" time="9.239">
    <failure type="java.lang.AssertionError" message="null">
      <![CDATA[java.lang.AssertionError: null
at testCases.TC003_DataDrivenTest.dataDrivenTest(TC003_DataDrivenTest.java:65)
at java.base/java.util.ArrayList.forEach(ArrayList.java:1597)
... Removed 31 stack frames]]>
    </failure>
  </testcase> <!-- dataDrivenTest -->
  <testcase classname="testCases.TC003_DataDrivenTest" name="dataDrivenTest" time="8.765">
    <failure type="java.lang.AssertionError" message="null">
      <![CDATA[java.lang.AssertionError: null
at testCases.TC003_DataDrivenTest.dataDrivenTest(TC003_DataDrivenTest.java:65)
at java.base/java.util.ArrayList.forEach(ArrayList.java:1597)
... Removed 31 stack frames]]>
    </failure>
  </testcase> <!-- dataDrivenTest -->
</testsuite> <!-- Test Chrome -->
