<?xml version="1.0" encoding="UTF-8"?>
<!-- Generated by org.testng.reporters.JUnitXMLReporter -->
<testsuite ignored="0" hostname="DESKTOP-VDDHET5" failures="10" tests="17" name="Test Chrome" time="147.125" errors="0" timestamp="2025-07-08T14:38:41 IST">
  <testcase classname="testCases.TC001_AccountRegistrationTest" name="verifyAccountRegistration" time="2.301"/>
  <testcase classname="testCases.TC002_LoginTest" name="loginTest" time="1.664"/>
  <testcase classname="testCases.TC003_DataDrivenTest" name="dataDrivenTest" time="2.251"/>
  <testcase classname="testCases.TC003_DataDrivenTest" name="dataDrivenTest" time="2.116"/>
  <testcase classname="testCases.TC003_DataDrivenTest" name="dataDrivenTest" time="13.64">
    <failure type="java.lang.AssertionError" message="null">
      <![CDATA[java.lang.AssertionError: null
at testCases.TC003_DataDrivenTest.dataDrivenTest(TC003_DataDrivenTest.java:65)
at java.base/java.util.ArrayList.forEach(ArrayList.java:1597)
... Removed 27 stack frames]]>
    </failure>
  </testcase> <!-- dataDrivenTest -->
  <testcase classname="testCases.TC003_DataDrivenTest" name="dataDrivenTest" time="9.217">
    <failure type="java.lang.AssertionError" message="null">
      <![CDATA[java.lang.AssertionError: null
at testCases.TC003_DataDrivenTest.dataDrivenTest(TC003_DataDrivenTest.java:65)
at java.base/java.util.ArrayList.forEach(ArrayList.java:1597)
... Removed 27 stack frames]]>
    </failure>
  </testcase> <!-- dataDrivenTest -->
  <testcase classname="testCases.TC003_DataDrivenTest" name="dataDrivenTest" time="9.247">
    <failure type="java.lang.AssertionError" message="null">
      <![CDATA[java.lang.AssertionError: null
at testCases.TC003_DataDrivenTest.dataDrivenTest(TC003_DataDrivenTest.java:65)
at java.base/java.util.ArrayList.forEach(ArrayList.java:1597)
... Removed 27 stack frames]]>
    </failure>
  </testcase> <!-- dataDrivenTest -->
  <testcase classname="testCases.TC003_DataDrivenTest" name="dataDrivenTest" time="1.653"/>
  <testcase classname="testCases.TC003_DataDrivenTest" name="dataDrivenTest" time="9.254">
    <failure type="java.lang.AssertionError" message="null">
      <![CDATA[java.lang.AssertionError: null
at testCases.TC003_DataDrivenTest.dataDrivenTest(TC003_DataDrivenTest.java:65)
at java.base/java.util.ArrayList.forEach(ArrayList.java:1597)
... Removed 27 stack frames]]>
    </failure>
  </testcase> <!-- dataDrivenTest -->
  <testcase classname="testCases.TC003_DataDrivenTest" name="dataDrivenTest" time="9.164">
    <failure type="java.lang.AssertionError" message="null">
      <![CDATA[java.lang.AssertionError: null
at testCases.TC003_DataDrivenTest.dataDrivenTest(TC003_DataDrivenTest.java:65)
at java.base/java.util.ArrayList.forEach(ArrayList.java:1597)
... Removed 27 stack frames]]>
    </failure>
  </testcase> <!-- dataDrivenTest -->
  <testcase classname="testCases.TC003_DataDrivenTest" name="dataDrivenTest" time="8.663">
    <failure type="java.lang.AssertionError" message="null">
      <![CDATA[java.lang.AssertionError: null
at testCases.TC003_DataDrivenTest.dataDrivenTest(TC003_DataDrivenTest.java:65)
at java.base/java.util.ArrayList.forEach(ArrayList.java:1597)
... Removed 27 stack frames]]>
    </failure>
  </testcase> <!-- dataDrivenTest -->
  <testcase classname="testCases.TC003_DataDrivenTest" name="dataDrivenTest" time="1.842"/>
  <testcase classname="testCases.TC003_DataDrivenTest" name="dataDrivenTest" time="8.653">
    <failure type="java.lang.AssertionError" message="null">
      <![CDATA[java.lang.AssertionError: null
at testCases.TC003_DataDrivenTest.dataDrivenTest(TC003_DataDrivenTest.java:65)
at java.base/java.util.ArrayList.forEach(ArrayList.java:1597)
... Removed 27 stack frames]]>
    </failure>
  </testcase> <!-- dataDrivenTest -->
  <testcase classname="testCases.TC003_DataDrivenTest" name="dataDrivenTest" time="9.255">
    <failure type="java.lang.AssertionError" message="null">
      <![CDATA[java.lang.AssertionError: null
at testCases.TC003_DataDrivenTest.dataDrivenTest(TC003_DataDrivenTest.java:65)
at java.base/java.util.ArrayList.forEach(ArrayList.java:1597)
... Removed 27 stack frames]]>
    </failure>
  </testcase> <!-- dataDrivenTest -->
  <testcase classname="testCases.TC003_DataDrivenTest" name="dataDrivenTest" time="1.867"/>
  <testcase classname="testCases.TC003_DataDrivenTest" name="dataDrivenTest" time="9.208">
    <failure type="java.lang.AssertionError" message="null">
      <![CDATA[java.lang.AssertionError: null
at testCases.TC003_DataDrivenTest.dataDrivenTest(TC003_DataDrivenTest.java:65)
at java.base/java.util.ArrayList.forEach(ArrayList.java:1597)
... Removed 27 stack frames]]>
    </failure>
  </testcase> <!-- dataDrivenTest -->
  <testcase classname="testCases.TC003_DataDrivenTest" name="dataDrivenTest" time="8.726">
    <failure type="java.lang.AssertionError" message="null">
      <![CDATA[java.lang.AssertionError: null
at testCases.TC003_DataDrivenTest.dataDrivenTest(TC003_DataDrivenTest.java:65)
at java.base/java.util.ArrayList.forEach(ArrayList.java:1597)
... Removed 27 stack frames]]>
    </failure>
  </testcase> <!-- dataDrivenTest -->
</testsuite> <!-- Test Chrome -->
