<?xml version="1.0" encoding="UTF-8"?>
<!-- Generated by org.testng.reporters.JUnitReportReporter -->
<testsuite hostname="DESKTOP-VDDHET5" failures="0" tests="1" name="cucumber.TestRunner" time="0.171" errors="1" timestamp="2025-07-26T17:57:11 IST" skipped="0">
  <testcase classname="cucumber.TestRunner" name="runScenario" time="0.171">
    <error message="Cannot invoke &quot;org.apache.logging.log4j.Logger.info(String)&quot; because &quot;this.logger&quot; is null" type="java.lang.NullPointerException">
      <![CDATA[java.lang.NullPointerException: Cannot invoke "org.apache.logging.log4j.Logger.info(String)" because "this.logger" is null
at stepdefinitions.LoginSteps.user_launches_the_application(LoginSteps.java:21)
at ✽.User launches the application(file:///C:/Users/Nishat/eclipse-workspace/opencart/src/test/java/cucumber/Login.feature:4)
]]>
    </error>
  </testcase> <!-- runScenario -->
</testsuite> <!-- cucumber.TestRunner -->
